run-ptest
src
make  check-TESTS
make[1]: Entering directory '/usr/lib/gzip/ptest/src/tests'
make[2]: Entering directory '/usr/lib/gzip/ptest/src/tests'
PASS: gzip-env
PASS: helin-segv
PASS: help-version
PASS: hufts
PASS: keep
PASS: list
PASS: memcpy-abuse
PASS: mixed
PASS: null-suffix-clobber
PASS: stdin
PASS: timestamp
PASS: trailing-nul
PASS: unpack-invalid
PASS: unpack-valid
PASS: upper-suffix
PASS: z-suffix
PASS: zdiff
FAIL: zgrep-f
PASS: zgrep-context
PASS: zgrep-signal
PASS: znew-k
============================================================================
Testsuite summary for gzip 1.9
============================================================================
# TOTAL: 21
# PASS:  20
# SKIP:  0
# XFAIL: 0
# FAIL:  1
# XPASS: 0
# ERROR: 0
============================================================================
See tests/test-suite.log
Please report to bug-gzip@gnu.org
============================================================================
make[2]: Leaving directory '/usr/lib/gzip/ptest/src/tests'
make[2]: *** [Makefile:1568: test-suite.log] Error 1
make[1]: *** [Makefile:1676: check-TESTS] Error 2
make[1]: Leaving directory '/usr/lib/gzip/ptest/src/tests'
make: *** [Makefile:1889: check-am] Error 2
