WARNING: Host distribution "debian" has not been validated with this version of the build system; you may possibly experience unexpected failures. It is recommended that you use a tested distribution.
Loading cache...done.
Loaded 1674 entries from dependency cache.
WARNING: No bb files matched BBFILE_PATTERN_dti '^/home/deby/poky/meta-debian/tests/../../meta-debian/bsp/meta-ti/'
NOTE: Resolving any missing task queue dependencies

Build Configuration:
BB_VERSION           = "1.42.0"
BUILD_SYS            = "x86_64-linux"
NATIVELSBSTRING      = "universal"
TARGET_SYS           = "arm-deby-linux-gnueabi"
MACHINE              = "beaglebone"
DISTRO               = "deby"
DISTRO_VERSION       = "10.0"
TUNE_FEATURES        = "arm armv7a vfp thumb neon callconvention-hard"
TARGET_FPU           = "hard"
meta                 
meta-poky            = "warrior:38d5c8ea98cfa49825c473eba8984c12edf062be"
meta-debian          = "warrior-trungdt:5ed699a32911bc2b03c53affc795b83f19c3a495"
meta-ti              = "master:de9ee6d4fcc476e1a36834a7d5383ae03a227958"
meta-ti              = "warrior-trungdt:5ed699a32911bc2b03c53affc795b83f19c3a495"

Initialising tasks...done.
Sstate summary: Wanted 71 Found 69 Missed 2 Current 692 (97% match, 99% complete)
NOTE: Executing SetScene Tasks
NOTE: Running setscene task 697 of 765 (/home/deby/poky/meta/recipes-devtools/run-postinsts/run-postinsts_1.0.bb:do_packagedata_setscene)
NOTE: Running setscene task 704 of 765 (/home/deby/poky/meta/recipes-core/base-passwd/base-passwd_3.5.29.bb:do_package_qa_setscene)
NOTE: Running setscene task 706 of 765 (/home/deby/poky/meta/recipes-devtools/opkg-utils/opkg-utils_0.4.0.bb:do_package_qa_setscene)
NOTE: Running setscene task 707 of 765 (/home/deby/poky/meta/recipes-core/base-files/base-files_3.0.14.bb:do_package_qa_setscene)
NOTE: Running setscene task 708 of 765 (/home/deby/poky/meta/recipes-core/sysvinit/sysvinit_2.88dsf.bb:do_populate_sysroot_setscene)
NOTE: Running setscene task 709 of 765 (/home/deby/poky/meta/recipes-core/sysvinit/sysvinit_2.88dsf.bb:do_package_qa_setscene)
NOTE: Running setscene task 710 of 765 (/home/deby/poky/meta/recipes-core/sysvinit/sysvinit_2.88dsf.bb:do_package_write_deb_setscene)
NOTE: Running setscene task 711 of 765 (/home/deby/poky/meta/recipes-core/sysvinit/sysvinit_2.88dsf.bb:do_populate_lic_setscene)
NOTE: Running setscene task 714 of 765 (/home/deby/poky/meta/recipes-core/libxcrypt/libxcrypt.bb:do_package_qa_setscene)
NOTE: Running setscene task 715 of 765 (/home/deby/poky/meta/recipes-core/util-linux/util-linux_2.32.1.bb:do_package_qa_setscene)
NOTE: Running setscene task 717 of 765 (/home/deby/poky/meta/recipes-support/bash-completion/bash-completion_2.8.bb:do_package_qa_setscene)
NOTE: Running setscene task 719 of 765 (/home/deby/poky/meta/recipes-extended/bash/bash_4.4.18.bb:do_populate_sysroot_setscene)
NOTE: Running setscene task 720 of 765 (/home/deby/poky/meta/recipes-extended/bash/bash_4.4.18.bb:do_package_qa_setscene)
NOTE: Running setscene task 726 of 765 (/home/deby/poky/meta/recipes-extended/shadow/shadow-sysroot_4.6.bb:do_package_qa_setscene)
NOTE: Running setscene task 727 of 765 (/home/deby/poky/meta/recipes-graphics/xorg-lib/libsm_1.2.3.bb:do_package_qa_setscene)
NOTE: Running setscene task 728 of 765 (/home/deby/poky/meta/recipes-graphics/xorg-lib/libsm_1.2.3.bb:do_populate_lic_setscene)
NOTE: recipe sysvinit-2.88dsf-r14: task do_package_write_deb_setscene: Started
NOTE: recipe sysvinit-2.88dsf-r14: task do_populate_sysroot_setscene: Started
NOTE: recipe sysvinit-2.88dsf-r14: task do_populate_lic_setscene: Started
NOTE: recipe sysvinit-2.88dsf-r14: task do_package_qa_setscene: Started
NOTE: recipe shadow-sysroot-4.6-r3: task do_package_qa_setscene: Started
NOTE: recipe libxcrypt-4.4.2-r0: task do_package_qa_setscene: Started
NOTE: recipe base-passwd-3.5.29-r0: task do_package_qa_setscene: Started
NOTE: recipe bash-completion-2.8-r0: task do_package_qa_setscene: Started
NOTE: recipe opkg-utils-0.4.0-r0: task do_package_qa_setscene: Started
NOTE: recipe util-linux-2.32.1-r0: task do_package_qa_setscene: Started
NOTE: recipe sysvinit-2.88dsf-r14: task do_populate_lic_setscene: Succeeded
NOTE: Running setscene task 730 of 765 (/home/deby/poky/meta/recipes-graphics/xorg-lib/libx11_1.6.7.bb:do_package_qa_setscene)
NOTE: recipe bash-4.4.18-r0: task do_populate_sysroot_setscene: Started
NOTE: recipe bash-4.4.18-r0: task do_package_qa_setscene: Started
NOTE: recipe run-postinsts-1.0-r10: task do_packagedata_setscene: Started
NOTE: recipe base-passwd-3.5.29-r0: task do_package_qa_setscene: Succeeded
NOTE: recipe bash-completion-2.8-r0: task do_package_qa_setscene: Succeeded
NOTE: Running setscene task 732 of 765 (/home/deby/poky/meta/recipes-graphics/xorg-lib/libx11_1.6.7.bb:do_populate_lic_setscene)
NOTE: Running setscene task 734 of 765 (/home/deby/poky/meta/recipes-extended/shadow/shadow_4.6.bb:do_package_qa_setscene)
NOTE: recipe sysvinit-2.88dsf-r14: task do_populate_sysroot_setscene: Succeeded
NOTE: Running setscene task 737 of 765 (/home/deby/poky/meta/recipes-extended/shadow/shadow-securetty_4.6.bb:do_package_qa_setscene)
NOTE: recipe shadow-sysroot-4.6-r3: task do_package_qa_setscene: Succeeded
NOTE: Running setscene task 739 of 765 (/home/deby/poky/meta/recipes-graphics/xorg-lib/xtrans_1.3.5.bb:do_package_qa_setscene)
NOTE: recipe util-linux-2.32.1-r0: task do_package_qa_setscene: Succeeded
NOTE: Running setscene task 741 of 765 (/home/deby/poky/meta/recipes-graphics/xorg-lib/xtrans_1.3.5.bb:do_populate_lic_setscene)
NOTE: recipe sysvinit-2.88dsf-r14: task do_package_write_deb_setscene: Succeeded
NOTE: Running setscene task 742 of 765 (/home/deby/poky/meta/recipes-graphics/xorg-lib/libice_1.0.9.bb:do_package_qa_setscene)
NOTE: recipe libxcrypt-4.4.2-r0: task do_package_qa_setscene: Succeeded
NOTE: Running setscene task 744 of 765 (/home/deby/poky/meta/recipes-graphics/xorg-lib/libice_1.0.9.bb:do_populate_lic_setscene)
NOTE: recipe opkg-utils-0.4.0-r0: task do_package_qa_setscene: Succeeded
NOTE: Running setscene task 746 of 765 (/home/deby/poky/meta/recipes-graphics/xorg-lib/libxcb_1.13.1.bb:do_package_qa_setscene)
NOTE: recipe sysvinit-2.88dsf-r14: task do_package_qa_setscene: Succeeded
NOTE: Running setscene task 747 of 765 (/home/deby/poky/meta/recipes-core/sysvinit/sysvinit_2.88dsf.bb:do_packagedata_setscene)
NOTE: recipe libx11-1_1.6.7-r0: task do_package_qa_setscene: Started
NOTE: recipe libx11-1_1.6.7-r0: task do_populate_lic_setscene: Started
NOTE: recipe base-files-3.0.14-r89: task do_package_qa_setscene: Started
NOTE: recipe sysvinit-2.88dsf-r14: task do_packagedata_setscene: Started
NOTE: recipe libsm-1_1.2.3-r0: task do_package_qa_setscene: Started
NOTE: recipe libsm-1_1.2.3-r0: task do_populate_lic_setscene: Started
NOTE: recipe xtrans-1_1.3.5-r0: task do_populate_lic_setscene: Started
NOTE: recipe libice-1_1.0.9-r0: task do_package_qa_setscene: Started
NOTE: recipe libice-1_1.0.9-r0: task do_populate_lic_setscene: Started
NOTE: recipe xtrans-1_1.3.5-r0: task do_package_qa_setscene: Started
NOTE: recipe libxcb-1.13.1-r0: task do_package_qa_setscene: Started
NOTE: recipe libx11-1_1.6.7-r0: task do_populate_lic_setscene: Succeeded
NOTE: Running setscene task 748 of 765 (/home/deby/poky/meta/recipes-graphics/xorg-lib/libxcb_1.13.1.bb:do_populate_lic_setscene)
NOTE: recipe bash-4.4.18-r0: task do_package_qa_setscene: Succeeded
NOTE: Running setscene task 750 of 765 (/home/deby/poky/meta/recipes-graphics/xorg-lib/libxau_1.0.9.bb:do_package_qa_setscene)
NOTE: recipe shadow-securetty-4.6-r3: task do_package_qa_setscene: Started
NOTE: recipe libx11-1_1.6.7-r0: task do_package_qa_setscene: Succeeded
NOTE: Running setscene task 752 of 765 (/home/deby/poky/meta/recipes-graphics/xorg-lib/libxau_1.0.9.bb:do_populate_lic_setscene)
NOTE: recipe libxcb-1.13.1-r0: task do_populate_lic_setscene: Started
NOTE: recipe bash-4.4.18-r0: task do_populate_sysroot_setscene: Succeeded
NOTE: Running setscene task 753 of 765 (/home/deby/poky/meta/recipes-graphics/xorg-lib/libxdmcp_1.1.2.bb:do_package_qa_setscene)
NOTE: recipe base-files-3.0.14-r89: task do_package_qa_setscene: Succeeded
NOTE: Running setscene task 755 of 765 (/home/deby/poky/meta/recipes-graphics/xorg-lib/libxdmcp_1.1.2.bb:do_populate_lic_setscene)
NOTE: recipe sysvinit-2.88dsf-r14: task do_packagedata_setscene: Succeeded
NOTE: recipe shadow-4.6-r0: task do_package_qa_setscene: Started
NOTE: recipe xtrans-1_1.3.5-r0: task do_package_qa_setscene: Succeeded
NOTE: recipe libxcb-1.13.1-r0: task do_package_qa_setscene: Succeeded
NOTE: recipe xtrans-1_1.3.5-r0: task do_populate_lic_setscene: Succeeded
NOTE: recipe libsm-1_1.2.3-r0: task do_package_qa_setscene: Succeeded
NOTE: recipe libsm-1_1.2.3-r0: task do_populate_lic_setscene: Succeeded
NOTE: recipe libice-1_1.0.9-r0: task do_populate_lic_setscene: Succeeded
NOTE: recipe libxau-1_1.0.9-r0: task do_populate_lic_setscene: Started
NOTE: recipe libxau-1_1.0.9-r0: task do_package_qa_setscene: Started
NOTE: recipe libice-1_1.0.9-r0: task do_package_qa_setscene: Succeeded
NOTE: recipe libxcb-1.13.1-r0: task do_populate_lic_setscene: Succeeded
NOTE: recipe shadow-4.6-r0: task do_package_qa_setscene: Succeeded
NOTE: recipe shadow-securetty-4.6-r3: task do_package_qa_setscene: Succeeded
NOTE: recipe run-postinsts-1.0-r10: task do_packagedata_setscene: Succeeded
NOTE: recipe libxau-1_1.0.9-r0: task do_package_qa_setscene: Succeeded
NOTE: recipe libxdmcp-1_1.1.2-r0: task do_package_qa_setscene: Started
NOTE: recipe libxdmcp-1_1.1.2-r0: task do_populate_lic_setscene: Started
NOTE: recipe libxau-1_1.0.9-r0: task do_populate_lic_setscene: Succeeded
NOTE: recipe libxdmcp-1_1.1.2-r0: task do_package_qa_setscene: Succeeded
NOTE: recipe libxdmcp-1_1.1.2-r0: task do_populate_lic_setscene: Succeeded
NOTE: Executing RunQueue Tasks
NOTE: Running task 2215 of 2487 (/home/deby/poky/meta/recipes-core/images/core-image-minimal.bb:do_rootfs)
NOTE: Running noexec task 2284 of 2487 (/home/deby/poky/meta/recipes-graphics/xorg-lib/libxdmcp_1.1.2.bb:do_build)
NOTE: Running noexec task 2286 of 2487 (/home/deby/poky/meta/recipes-graphics/xorg-lib/libxau_1.0.9.bb:do_build)
NOTE: Running noexec task 2288 of 2487 (/home/deby/poky/meta/recipes-graphics/xorg-lib/libxcb_1.13.1.bb:do_build)
NOTE: Running noexec task 2291 of 2487 (/home/deby/poky/meta/recipes-graphics/xorg-lib/libice_1.0.9.bb:do_build)
NOTE: Running noexec task 2292 of 2487 (/home/deby/poky/meta/recipes-graphics/xorg-lib/xtrans_1.3.5.bb:do_build)
NOTE: Running noexec task 2298 of 2487 (/home/deby/poky/meta/recipes-support/ca-certificates/ca-certificates_20190110.bb:do_build)
NOTE: Running noexec task 2306 of 2487 (/home/deby/poky/meta/recipes-graphics/xorg-lib/libx11_1.6.7.bb:do_build)
NOTE: Running noexec task 2308 of 2487 (/home/deby/poky/meta/recipes-graphics/xorg-lib/libsm_1.2.3.bb:do_build)
NOTE: Running noexec task 2370 of 2487 (/home/deby/poky/meta-debian/recipes-debian/gcc/gcc-source_debian.bb:do_build)
NOTE: Running noexec task 2384 of 2487 (/home/deby/poky/meta/recipes-core/sysvinit/sysvinit_2.88dsf.bb:do_build)
NOTE: recipe core-image-minimal-1.0-r0: task do_rootfs: Started
NOTE: recipe core-image-minimal-1.0-r0: task do_rootfs: Succeeded
NOTE: Running task 2480 of 2487 (/home/deby/poky/meta/recipes-core/images/core-image-minimal.bb:do_image_qa)
NOTE: recipe core-image-minimal-1.0-r0: task do_image_qa: Started
NOTE: recipe core-image-minimal-1.0-r0: task do_image_qa: Succeeded
NOTE: Running task 2481 of 2487 (/home/deby/poky/meta/recipes-core/images/core-image-minimal.bb:do_image)
NOTE: recipe core-image-minimal-1.0-r0: task do_image: Started
NOTE: recipe core-image-minimal-1.0-r0: task do_image: Succeeded
NOTE: Running task 2482 of 2487 (/home/deby/poky/meta/recipes-core/images/core-image-minimal.bb:do_rootfs_wicenv)
NOTE: Running task 2483 of 2487 (/home/deby/poky/meta/recipes-core/images/core-image-minimal.bb:do_image_tar)
NOTE: recipe core-image-minimal-1.0-r0: task do_rootfs_wicenv: Started
NOTE: recipe core-image-minimal-1.0-r0: task do_image_tar: Started
NOTE: recipe core-image-minimal-1.0-r0: task do_rootfs_wicenv: Succeeded
NOTE: Running task 2484 of 2487 (/home/deby/poky/meta/recipes-core/images/core-image-minimal.bb:do_image_wic)
NOTE: recipe core-image-minimal-1.0-r0: task do_image_wic: Started
NOTE: recipe core-image-minimal-1.0-r0: task do_image_tar: Succeeded
ERROR: core-image-minimal-1.0-r0 do_image_wic: Function failed: do_image_wic (log file is located at /home/deby/build/tmp/work/beaglebone-deby-linux-gnueabi/core-image-minimal/1.0-r0/temp/log.do_image_wic.10670)
ERROR: Logfile of failure stored in: /home/deby/build/tmp/work/beaglebone-deby-linux-gnueabi/core-image-minimal/1.0-r0/temp/log.do_image_wic.10670
Log data follows:
| DEBUG: Executing python function set_image_size
| DEBUG: 12844.000000 = 9880 * 1.300000
| DEBUG: 12844.000000 = max(12844.000000, 8192)[12844.000000] + 1
| DEBUG: 12844.000000 = int(12844.000000)
| DEBUG: 12844 = aligned(12844)
| DEBUG: returning 12844
| DEBUG: Python function set_image_size finished
| DEBUG: Executing python function extend_recipe_sysroot
| NOTE: Direct dependencies are ['virtual:native:/home/deby/poky/meta/recipes-devtools/dosfstools/dosfstools_4.1.bb:do_populate_sysroot', 'virtual:native:/home/deby/poky/meta/recipes-devtools/btrfs-tools/btrfs-tools_4.20.1.bb:do_populate_sysroot', 'virtual:native:/home/deby/poky/meta/recipes-extended/xz/xz_5.2.4.bb:do_populate_sysroot', 'virtual:native:/home/deby/poky/meta/recipes-devtools/syslinux/syslinux_6.04-pre2.bb:do_populate_sysroot', '/home/deby/poky/meta/recipes-devtools/quilt/quilt-native_0.65.bb:do_populate_sysroot', 'virtual:native:/home/deby/poky/meta/recipes-devtools/prelink/prelink_git.bb:do_populate_sysroot', 'virtual:native:/home/deby/poky/meta/recipes-devtools/pseudo/pseudo_git.bb:do_populate_sysroot', 'virtual:native:/home/deby/poky/meta/recipes-core/update-rc.d/update-rc.d_0.8.bb:do_populate_sysroot', 'virtual:native:/home/deby/poky/meta/recipes-support/lzop/lzop_1.04.bb:do_populate_sysroot', 'virtual:native:/home/deby/poky/meta/recipes-devtools/e2fsprogs/e2fsprogs_1.44.5.bb:do_populate_sysroot', '/home/deby/poky/meta/recipes-kernel/kmod/depmodwrapper-cross_1.0.bb:do_populate_sysroot', 'virtual:native:/home/deby/poky/meta/recipes-extended/pigz/pigz_2.4.bb:do_populate_sysroot', '/home/deby/poky/meta/recipes-devtools/mklibs/mklibs-native_0.1.44.bb:do_populate_sysroot', 'virtual:native:/home/deby/poky/meta-debian/recipes-debian/bison/bison_debian.bb:do_populate_sysroot', 'virtual:native:/home/deby/poky/meta/recipes-extended/parted/parted_3.2.bb:do_populate_sysroot', 'virtual:native:/home/deby/poky/meta-debian/recipes-debian/bc/bc_debian.bb:do_populate_sysroot', 'virtual:native:/home/deby/poky/meta/recipes-devtools/opkg-utils/opkg-utils_0.4.0.bb:do_populate_sysroot', 'virtual:native:/home/deby/poky/meta/recipes-devtools/makedevs/makedevs_1.0.1.bb:do_populate_sysroot', 'virtual:native:/home/deby/poky/meta/recipes-devtools/squashfs-tools/squashfs-tools_git.bb:do_populate_sysroot', 'virtual:native:/home/deby/poky/meta/recipes-devtools/dpkg/dpkg_1.19.4.bb:do_populate_sysroot', '/home/deby/poky/meta-debian/recipes-debian/binutils/binutils-cross_debian.bb:do_populate_sysroot', '/home/deby/poky/meta-debian/recipes-debian/gcc/gcc-cross_debian.bb:do_populate_sysroot', 'virtual:native:/home/deby/poky/meta/recipes-support/bmap-tools/bmap-tools_3.5.bb:do_populate_sysroot', '/home/deby/poky/meta-debian/recipes-kernel/linux/linux-base_git.bb:do_populate_sysroot', '/home/deby/poky/meta/recipes-core/glibc/cross-localedef-native_2.29.bb:do_populate_sysroot', '/home/deby/poky/meta/recipes-devtools/cdrtools/cdrtools-native_3.01.bb:do_populate_sysroot', '/home/deby/poky/meta/recipes-devtools/apt/apt-native_1.2.24.bb:do_populate_sysroot', 'virtual:native:/home/deby/poky/meta/recipes-devtools/mtools/mtools_4.0.19.bb:do_populate_sysroot', '/home/deby/poky/meta/recipes-kernel/kmod/kmod-native_git.bb:do_populate_sysroot', '/home/deby/poky/meta/recipes-core/glibc/ldconfig-native_2.12.1.bb:do_populate_sysroot', '/home/deby/poky/meta/recipes-devtools/qemu/qemuwrapper-cross_1.0.bb:do_populate_sysroot', 'virtual:native:/home/deby/poky/meta/recipes-devtools/fdisk/gptfdisk_1.0.4.bb:do_populate_sysroot']
| NOTE: Installed into sysroot: []
| NOTE: Skipping as already exists in sysroot: ['dosfstools-native', 'btrfs-tools-native', 'xz-native', 'syslinux-native', 'quilt-native', 'prelink-native', 'pseudo-native', 'update-rc.d-native', 'lzop-native', 'e2fsprogs-native', 'depmodwrapper-cross', 'pigz-native', 'mklibs-native', 'bison-native', 'parted-native', 'bc-native', 'opkg-utils-native', 'makedevs-native', 'squashfs-tools-native', 'dpkg-native', 'binutils-cross-arm', 'gcc-cross-arm', 'bmap-tools-native', 'linux-base', 'cross-localedef-native', 'cdrtools-native', 'apt-native', 'mtools-native', 'kmod-native', 'ldconfig-native', 'qemuwrapper-cross', 'gptfdisk-native', 'autoconf-native', 'automake-native', 'libtool-native', 'gnu-config-native', 'pkgconfig-native', 'python3-native', 'acl-native', 'util-linux-native', 'lzo-native', 'attr-native', 'python3-setuptools-native', 'gettext-minimal-native', 'nasm-native', 'flex-native', 'readline-native', 'texinfo-dummy-native', 'ed-native', 'elfutils-native', 'binutils-native', 'qemu-native', 'zlib-native', 'shadow-native', 'ncurses-native', 'lz4-native', 'gettext-native', 'bzip2-native', 'perl-native', 'gmp-native', 'linux-libc-headers-base', 'libmpc-native', 'mpfr-native', 'python3-six-native', 'openssl-native', 'debianutils-native', 'db-native', 'curl-native', 'gtk-doc-native', 'popt-native', 'm4-native', 'libffi-native', 'libtirpc-native', 'libnsl2-native', 'sqlite3-native', 'gdbm-native', 'unzip-native', 'groff-native', 'glib-2.0-native', 'ninja-native', 'meson-native', 'libpcre-native', 're2c-native']
| DEBUG: Python function extend_recipe_sysroot finished
| DEBUG: Executing shell function do_image_wic
| INFO: Creating image(s)...
| 
| WARNING: bootloader config not specified, using defaults
| 
| WARNING: overhead-factor was specified, but size was not, so bitbake variables will be used for the size. In this case both IMAGE_OVERHEAD_FACTOR and --overhead-factor will be applied
| Traceback (most recent call last):
|   File "/home/deby/poky/scripts/lib/wic/filemap.py", line 389, in _invoke_fiemap
|     fcntl.ioctl(self._f_image, _FIEMAP_IOCTL, self._buf, 1)
| OSError: [Errno 95] Operation not supported
| 
| During handling of the above exception, another exception occurred:
| 
| Traceback (most recent call last):
|   File "/home/deby/poky/scripts/lib/wic/filemap.py", line 529, in filemap
|     return FilemapFiemap(image, log)
|   File "/home/deby/poky/scripts/lib/wic/filemap.py", line 363, in __init__
|     self.block_is_mapped(0)
|   File "/home/deby/poky/scripts/lib/wic/filemap.py", line 410, in block_is_mapped
|     struct_fiemap = self._invoke_fiemap(block, 1)
|   File "/home/deby/poky/scripts/lib/wic/filemap.py", line 397, in _invoke_fiemap
|     raise ErrorNotSupp(errstr)
| wic.filemap.ErrorNotSupp: FilemapFiemap: the FIEMAP ioctl is not supported by the file-system
| 
| During handling of the above exception, another exception occurred:
| 
| Traceback (most recent call last):
|   File "/home/deby/poky/scripts/wic", line 520, in <module>
|     sys.exit(main(sys.argv[1:]))
|   File "/home/deby/poky/scripts/wic", line 515, in main
|     return hlp.invoke_subcommand(args, parser, hlp.wic_help_usage, subcommands)
|   File "/home/deby/poky/scripts/lib/wic/help.py", line 83, in invoke_subcommand
|     subcmd[0](args, usage)
|   File "/home/deby/poky/scripts/wic", line 220, in wic_create_subcommand
|     native_sysroot, options)
|   File "/home/deby/poky/scripts/lib/wic/engine.py", line 188, in wic_create
|     plugin.do_create()
|   File "/home/deby/poky/scripts/lib/wic/plugins/imager/direct.py", line 87, in do_create
|     self.assemble()
|   File "/home/deby/poky/scripts/lib/wic/plugins/imager/direct.py", line 204, in assemble
|     self._image.assemble()
|   File "/home/deby/poky/scripts/lib/wic/plugins/imager/direct.py", line 591, in assemble
|     sparse_copy(source, self.path, seek=part.start * self.sector_size)
|   File "/home/deby/poky/scripts/lib/wic/filemap.py", line 547, in sparse_copy
|     fmap = api(src_fname)
|   File "/home/deby/poky/scripts/lib/wic/filemap.py", line 531, in filemap
|     return FilemapSeek(image, log)
|   File "/home/deby/poky/scripts/lib/wic/filemap.py", line 210, in __init__
|     self._probe_seek_hole()
|   File "/home/deby/poky/scripts/lib/wic/filemap.py", line 245, in _probe_seek_hole
|     raise ErrorNotSupp("the file-system does not support "
| wic.filemap.ErrorNotSupp: the file-system does not support "SEEK_HOLE" and "SEEK_DATA" but only provides a stub implementation
| WARNING: exit code 1 from a shell command.
| ERROR: Function failed: do_image_wic (log file is located at /home/deby/build/tmp/work/beaglebone-deby-linux-gnueabi/core-image-minimal/1.0-r0/temp/log.do_image_wic.10670)
NOTE: recipe core-image-minimal-1.0-r0: task do_image_wic: Failed
ERROR: Task (/home/deby/poky/meta/recipes-core/images/core-image-minimal.bb:do_image_wic) failed with exit code '1'
NOTE: Tasks Summary: Attempted 2484 tasks of which 2468 didn't need to be rerun and 1 failed.

Summary: 1 task failed:
  /home/deby/poky/meta/recipes-core/images/core-image-minimal.bb:do_image_wic
Summary: There were 2 WARNING messages shown.
Summary: There was 1 ERROR message shown, returning a non-zero exit code.
